0 info it worked if it ends with ok
1 verbose cli [ 'C:\\Program Files\\nodejs\\node.exe',
1 verbose cli   'C:\\Users\\aniu\\AppData\\Roaming\\npm\\node_modules\\npm\\bin\\npm-cli.js',
1 verbose cli   'run',
1 verbose cli   'build' ]
2 info using npm@1.4.9
3 info using node@v8.11.3
4 error Error: ENOENT: no such file or directory, open 'E:\work\paLanTe\package.json'
5 error If you need help, you may report this *entire* log,
5 error including the npm and node versions, at:
5 error     <http://github.com/npm/npm/issues>
6 error System Windows_NT 10.0.17134
7 error command "C:\\Program Files\\nodejs\\node.exe" "C:\\Users\\aniu\\AppData\\Roaming\\npm\\node_modules\\npm\\bin\\npm-cli.js" "run" "build"
8 error cwd E:\work\paLanTe
9 error node -v v8.11.3
10 error npm -v 1.4.9
11 error path E:\work\paLanTe\package.json
12 error syscall open
13 error code ENOENT
14 error errno -4058
15 verbose exit [ -4058, true ]
